0 info it worked if it ends with ok
1 verbose cli [ '/usr/bin/node',
1 verbose cli   '/usr/bin/npm',
1 verbose cli   'update',
1 verbose cli   '-g',
1 verbose cli   'generator-webapp' ]
2 info using npm@1.3.17
3 info using node@v0.10.23
4 verbose node symlink /usr/bin/node
5 verbose url raw generator-webapp/latest
6 verbose url resolving [ 'https://registry.npmjs.org/', './generator-webapp/latest' ]
7 verbose url resolved https://registry.npmjs.org/generator-webapp/latest
8 info trying registry request attempt 1 at 22:27:55
9 http GET https://registry.npmjs.org/generator-webapp/latest
10 http 200 https://registry.npmjs.org/generator-webapp/latest
11 silly registry.get cb [ 200,
11 silly registry.get   { vary: 'Accept',
11 silly registry.get     server: 'CouchDB/1.3.1 (Erlang OTP/R15B03)',
11 silly registry.get     etag: '"4AL45K1QR9HEAYUEK482294RJ"',
11 silly registry.get     date: 'Tue, 17 Dec 2013 13:27:59 GMT',
11 silly registry.get     'content-type': 'application/json',
11 silly registry.get     'content-length': '3534' } ]
12 verbose cache add [ 'generator-webapp', '*' ]
13 verbose cache add name="generator-webapp" spec="*" args=["generator-webapp","*"]
14 verbose parsed url { protocol: null,
14 verbose parsed url   slashes: null,
14 verbose parsed url   auth: null,
14 verbose parsed url   host: null,
14 verbose parsed url   port: null,
14 verbose parsed url   hostname: null,
14 verbose parsed url   hash: null,
14 verbose parsed url   search: null,
14 verbose parsed url   query: null,
14 verbose parsed url   pathname: '*',
14 verbose parsed url   path: '*',
14 verbose parsed url   href: '*' }
15 verbose addNamed [ 'generator-webapp', '*' ]
16 verbose addNamed [ null, '*' ]
17 silly lockFile 9a31b0a1-generator-webapp generator-webapp@*
18 verbose lock generator-webapp@* /home/alfx61/.npm/9a31b0a1-generator-webapp.lock
19 silly addNameRange { name: 'generator-webapp', range: '*', hasData: false }
20 verbose url raw generator-webapp
21 verbose url resolving [ 'https://registry.npmjs.org/', './generator-webapp' ]
22 verbose url resolved https://registry.npmjs.org/generator-webapp
23 info trying registry request attempt 1 at 22:27:59
24 verbose etag "1O7CRR11KWH91KKWUIDB4G2L4"
25 http GET https://registry.npmjs.org/generator-webapp
26 http 200 https://registry.npmjs.org/generator-webapp
27 silly registry.get cb [ 200,
27 silly registry.get   { vary: 'Accept',
27 silly registry.get     server: 'CouchDB/1.3.1 (Erlang OTP/R15B03)',
27 silly registry.get     etag: '"4AL45K1QR9HEAYUEK482294RJ"',
27 silly registry.get     date: 'Tue, 17 Dec 2013 13:28:02 GMT',
27 silly registry.get     'content-type': 'application/json',
27 silly registry.get     'content-length': '64718' } ]
28 silly addNameRange number 2 { name: 'generator-webapp', range: '*', hasData: true }
29 silly addNameRange versions [ 'generator-webapp',
29 silly addNameRange   [ '0.1.0',
29 silly addNameRange     '0.1.1',
29 silly addNameRange     '0.1.2',
29 silly addNameRange     '0.1.3',
29 silly addNameRange     '0.1.4',
29 silly addNameRange     '0.1.5',
29 silly addNameRange     '0.1.6',
29 silly addNameRange     '0.1.7',
29 silly addNameRange     '0.2.0',
29 silly addNameRange     '0.2.1',
29 silly addNameRange     '0.2.2',
29 silly addNameRange     '0.2.3',
29 silly addNameRange     '0.2.4',
29 silly addNameRange     '0.2.5',
29 silly addNameRange     '0.2.6',
29 silly addNameRange     '0.2.7',
29 silly addNameRange     '0.3.0',
29 silly addNameRange     '0.3.1',
29 silly addNameRange     '0.4.0',
29 silly addNameRange     '0.4.1',
29 silly addNameRange     '0.4.2',
29 silly addNameRange     '0.4.3',
29 silly addNameRange     '0.4.4',
29 silly addNameRange     '0.4.5',
29 silly addNameRange     '0.4.6' ] ]
30 verbose addNamed [ 'generator-webapp', '0.4.6' ]
31 verbose addNamed [ '0.4.6', '0.4.6' ]
32 silly lockFile bafc5f22-generator-webapp-0-4-6 generator-webapp@0.4.6
33 verbose lock generator-webapp@0.4.6 /home/alfx61/.npm/bafc5f22-generator-webapp-0-4-6.lock
34 silly lockFile 8150bd22-ebapp-generator-webapp-0-4-6-tgz https://registry.npmjs.org/generator-webapp/-/generator-webapp-0.4.6.tgz
35 verbose lock https://registry.npmjs.org/generator-webapp/-/generator-webapp-0.4.6.tgz /home/alfx61/.npm/8150bd22-ebapp-generator-webapp-0-4-6-tgz.lock
36 verbose addRemoteTarball [ 'https://registry.npmjs.org/generator-webapp/-/generator-webapp-0.4.6.tgz',
36 verbose addRemoteTarball   '6f51516b615aaf807e221a8ac713845fd680648f' ]
37 info retry fetch attempt 1 at 22:28:05
38 verbose fetch to= /home/alfx61/tmp/npm-21885-oE_f7P_p/1387286885422-0.6661617760546505/tmp.tgz
39 http GET https://registry.npmjs.org/generator-webapp/-/generator-webapp-0.4.6.tgz
40 http 200 https://registry.npmjs.org/generator-webapp/-/generator-webapp-0.4.6.tgz
41 verbose tar unpack /home/alfx61/tmp/npm-21885-oE_f7P_p/1387286885422-0.6661617760546505/tmp.tgz
42 silly lockFile 9bf70659-85422-0-6661617760546505-package tar:///home/alfx61/tmp/npm-21885-oE_f7P_p/1387286885422-0.6661617760546505/package
43 verbose lock tar:///home/alfx61/tmp/npm-21885-oE_f7P_p/1387286885422-0.6661617760546505/package /home/alfx61/.npm/9bf70659-85422-0-6661617760546505-package.lock
44 silly lockFile 44792a16-85422-0-6661617760546505-tmp-tgz tar:///home/alfx61/tmp/npm-21885-oE_f7P_p/1387286885422-0.6661617760546505/tmp.tgz
45 verbose lock tar:///home/alfx61/tmp/npm-21885-oE_f7P_p/1387286885422-0.6661617760546505/tmp.tgz /home/alfx61/.npm/44792a16-85422-0-6661617760546505-tmp-tgz.lock
46 silly gunzTarPerm modes [ '755', '644' ]
47 silly gunzTarPerm extractEntry package.json
48 silly gunzTarPerm extractEntry app/index.js
49 silly gunzTarPerm extractEntry app/USAGE
50 silly gunzTarPerm extractEntry app/templates/Gruntfile.js
51 silly gunzTarPerm extractEntry app/templates/gitattributes
52 silly gunzTarPerm extractEntry app/templates/_bower.json
53 silly gunzTarPerm extractEntry app/templates/_package.json
54 silly gunzTarPerm extractEntry app/templates/bowerrc
55 silly gunzTarPerm extractEntry app/templates/editorconfig
56 silly gunzTarPerm extractEntry app/templates/favicon.ico
57 silly gunzTarPerm extractEntry app/templates/404.html
58 silly gunzTarPerm extractEntry app/templates/gitignore
59 silly gunzTarPerm extractEntry app/templates/htaccess
60 silly gunzTarPerm extractEntry app/templates/index.html
61 silly gunzTarPerm extractEntry app/templates/jshintrc
62 silly gunzTarPerm extractEntry app/templates/main.css
63 silly gunzTarPerm extractEntry app/templates/main.scss
64 silly gunzTarPerm extractEntry app/templates/robots.txt
65 silly gunzTarPerm extractEntry changelog.md
66 silly gunzTarPerm extractEntry libpeerconnection.log
67 silly gunzTarPerm extractEntry readme.md
68 silly lockFile 9bf70659-85422-0-6661617760546505-package tar:///home/alfx61/tmp/npm-21885-oE_f7P_p/1387286885422-0.6661617760546505/package
69 silly lockFile 9bf70659-85422-0-6661617760546505-package tar:///home/alfx61/tmp/npm-21885-oE_f7P_p/1387286885422-0.6661617760546505/package
70 silly lockFile 44792a16-85422-0-6661617760546505-tmp-tgz tar:///home/alfx61/tmp/npm-21885-oE_f7P_p/1387286885422-0.6661617760546505/tmp.tgz
71 silly lockFile 44792a16-85422-0-6661617760546505-tmp-tgz tar:///home/alfx61/tmp/npm-21885-oE_f7P_p/1387286885422-0.6661617760546505/tmp.tgz
72 verbose tar pack [ '/home/alfx61/.npm/generator-webapp/0.4.6/package.tgz',
72 verbose tar pack   '/home/alfx61/tmp/npm-21885-oE_f7P_p/1387286885422-0.6661617760546505/package' ]
73 verbose tarball /home/alfx61/.npm/generator-webapp/0.4.6/package.tgz
74 verbose folder /home/alfx61/tmp/npm-21885-oE_f7P_p/1387286885422-0.6661617760546505/package
75 silly lockFile 9bf70659-85422-0-6661617760546505-package tar:///home/alfx61/tmp/npm-21885-oE_f7P_p/1387286885422-0.6661617760546505/package
76 verbose lock tar:///home/alfx61/tmp/npm-21885-oE_f7P_p/1387286885422-0.6661617760546505/package /home/alfx61/.npm/9bf70659-85422-0-6661617760546505-package.lock
77 silly lockFile 8165c7dd-nerator-webapp-0-4-6-package-tgz tar:///home/alfx61/.npm/generator-webapp/0.4.6/package.tgz
78 verbose lock tar:///home/alfx61/.npm/generator-webapp/0.4.6/package.tgz /home/alfx61/.npm/8165c7dd-nerator-webapp-0-4-6-package-tgz.lock
79 silly lockFile 9bf70659-85422-0-6661617760546505-package tar:///home/alfx61/tmp/npm-21885-oE_f7P_p/1387286885422-0.6661617760546505/package
80 silly lockFile 9bf70659-85422-0-6661617760546505-package tar:///home/alfx61/tmp/npm-21885-oE_f7P_p/1387286885422-0.6661617760546505/package
81 silly lockFile 8165c7dd-nerator-webapp-0-4-6-package-tgz tar:///home/alfx61/.npm/generator-webapp/0.4.6/package.tgz
82 silly lockFile 8165c7dd-nerator-webapp-0-4-6-package-tgz tar:///home/alfx61/.npm/generator-webapp/0.4.6/package.tgz
83 silly lockFile 32b6a572-m-generator-webapp-0-4-6-package /home/alfx61/.npm/generator-webapp/0.4.6/package
84 verbose lock /home/alfx61/.npm/generator-webapp/0.4.6/package /home/alfx61/.npm/32b6a572-m-generator-webapp-0-4-6-package.lock
85 silly lockFile 32b6a572-m-generator-webapp-0-4-6-package /home/alfx61/.npm/generator-webapp/0.4.6/package
86 silly lockFile 32b6a572-m-generator-webapp-0-4-6-package /home/alfx61/.npm/generator-webapp/0.4.6/package
87 verbose tar unpack /home/alfx61/.npm/generator-webapp/0.4.6/package.tgz
88 silly lockFile 124f7099-m-generator-webapp-0-4-6-package tar:///home/alfx61/.npm/generator-webapp/0.4.6/package
89 verbose lock tar:///home/alfx61/.npm/generator-webapp/0.4.6/package /home/alfx61/.npm/124f7099-m-generator-webapp-0-4-6-package.lock
90 silly lockFile 8165c7dd-nerator-webapp-0-4-6-package-tgz tar:///home/alfx61/.npm/generator-webapp/0.4.6/package.tgz
91 verbose lock tar:///home/alfx61/.npm/generator-webapp/0.4.6/package.tgz /home/alfx61/.npm/8165c7dd-nerator-webapp-0-4-6-package-tgz.lock
92 silly gunzTarPerm modes [ '755', '644' ]
93 silly gunzTarPerm extractEntry package.json
94 silly gunzTarPerm extractEntry app/index.js
95 silly gunzTarPerm extractEntry app/USAGE
96 silly gunzTarPerm extractEntry app/templates/Gruntfile.js
97 silly gunzTarPerm extractEntry app/templates/gitattributes
98 silly gunzTarPerm extractEntry app/templates/_bower.json
99 silly gunzTarPerm extractEntry app/templates/_package.json
100 silly gunzTarPerm extractEntry app/templates/bowerrc
101 silly gunzTarPerm extractEntry app/templates/editorconfig
102 silly gunzTarPerm extractEntry app/templates/favicon.ico
103 silly gunzTarPerm extractEntry app/templates/404.html
104 silly gunzTarPerm extractEntry app/templates/gitignore
105 silly gunzTarPerm extractEntry app/templates/htaccess
106 silly gunzTarPerm extractEntry app/templates/index.html
107 silly gunzTarPerm extractEntry app/templates/jshintrc
108 silly gunzTarPerm extractEntry app/templates/main.css
109 silly gunzTarPerm extractEntry app/templates/main.scss
110 silly gunzTarPerm extractEntry app/templates/robots.txt
111 silly gunzTarPerm extractEntry changelog.md
112 silly gunzTarPerm extractEntry libpeerconnection.log
113 silly gunzTarPerm extractEntry readme.md
114 silly lockFile 124f7099-m-generator-webapp-0-4-6-package tar:///home/alfx61/.npm/generator-webapp/0.4.6/package
115 silly lockFile 124f7099-m-generator-webapp-0-4-6-package tar:///home/alfx61/.npm/generator-webapp/0.4.6/package
116 silly lockFile 8165c7dd-nerator-webapp-0-4-6-package-tgz tar:///home/alfx61/.npm/generator-webapp/0.4.6/package.tgz
117 silly lockFile 8165c7dd-nerator-webapp-0-4-6-package-tgz tar:///home/alfx61/.npm/generator-webapp/0.4.6/package.tgz
118 verbose chmod /home/alfx61/.npm/generator-webapp/0.4.6/package.tgz 644
119 verbose chown /home/alfx61/.npm/generator-webapp/0.4.6/package.tgz [ 1000, 1000 ]
120 silly lockFile 8150bd22-ebapp-generator-webapp-0-4-6-tgz https://registry.npmjs.org/generator-webapp/-/generator-webapp-0.4.6.tgz
121 silly lockFile 8150bd22-ebapp-generator-webapp-0-4-6-tgz https://registry.npmjs.org/generator-webapp/-/generator-webapp-0.4.6.tgz
122 silly lockFile bafc5f22-generator-webapp-0-4-6 generator-webapp@0.4.6
123 silly lockFile bafc5f22-generator-webapp-0-4-6 generator-webapp@0.4.6
124 silly lockFile 9a31b0a1-generator-webapp generator-webapp@*
125 silly lockFile 9a31b0a1-generator-webapp generator-webapp@*
126 info outdated updating [ [ '/usr/lib', 'generator-webapp', '0.4.5', '0.4.6', '0.4.6', '*' ] ]
127 verbose install where,what [ '/usr/lib', [ 'generator-webapp@0.4.6' ] ]
128 verbose cache add [ 'generator-webapp@0.4.6', null ]
129 verbose cache add name=undefined spec="generator-webapp@0.4.6" args=["generator-webapp@0.4.6",null]
130 verbose parsed url { protocol: null,
130 verbose parsed url   slashes: null,
130 verbose parsed url   auth: null,
130 verbose parsed url   host: null,
130 verbose parsed url   port: null,
130 verbose parsed url   hostname: null,
130 verbose parsed url   hash: null,
130 verbose parsed url   search: null,
130 verbose parsed url   query: null,
130 verbose parsed url   pathname: 'generator-webapp@0.4.6',
130 verbose parsed url   path: 'generator-webapp@0.4.6',
130 verbose parsed url   href: 'generator-webapp@0.4.6' }
131 verbose cache add name="generator-webapp" spec="0.4.6" args=["generator-webapp","0.4.6"]
132 verbose parsed url { protocol: null,
132 verbose parsed url   slashes: null,
132 verbose parsed url   auth: null,
132 verbose parsed url   host: null,
132 verbose parsed url   port: null,
132 verbose parsed url   hostname: null,
132 verbose parsed url   hash: null,
132 verbose parsed url   search: null,
132 verbose parsed url   query: null,
132 verbose parsed url   pathname: '0.4.6',
132 verbose parsed url   path: '0.4.6',
132 verbose parsed url   href: '0.4.6' }
133 verbose addNamed [ 'generator-webapp', '0.4.6' ]
134 verbose addNamed [ '0.4.6', '0.4.6' ]
135 silly lockFile bafc5f22-generator-webapp-0-4-6 generator-webapp@0.4.6
136 verbose lock generator-webapp@0.4.6 /home/alfx61/.npm/bafc5f22-generator-webapp-0-4-6.lock
137 verbose url raw generator-webapp/0.4.6
138 verbose url resolving [ 'https://registry.npmjs.org/', './generator-webapp/0.4.6' ]
139 verbose url resolved https://registry.npmjs.org/generator-webapp/0.4.6
140 info trying registry request attempt 1 at 22:28:09
141 http GET https://registry.npmjs.org/generator-webapp/0.4.6
142 http 200 https://registry.npmjs.org/generator-webapp/0.4.6
143 silly registry.get cb [ 200,
143 silly registry.get   { vary: 'Accept',
143 silly registry.get     server: 'CouchDB/1.3.1 (Erlang OTP/R15B03)',
143 silly registry.get     etag: '"4AL45K1QR9HEAYUEK482294RJ"',
143 silly registry.get     date: 'Tue, 17 Dec 2013 13:28:12 GMT',
143 silly registry.get     'content-type': 'application/json',
143 silly registry.get     'content-length': '3534' } ]
144 silly lockFile 8150bd22-ebapp-generator-webapp-0-4-6-tgz https://registry.npmjs.org/generator-webapp/-/generator-webapp-0.4.6.tgz
145 verbose lock https://registry.npmjs.org/generator-webapp/-/generator-webapp-0.4.6.tgz /home/alfx61/.npm/8150bd22-ebapp-generator-webapp-0-4-6-tgz.lock
146 verbose addRemoteTarball [ 'https://registry.npmjs.org/generator-webapp/-/generator-webapp-0.4.6.tgz',
146 verbose addRemoteTarball   '6f51516b615aaf807e221a8ac713845fd680648f' ]
147 info retry fetch attempt 1 at 22:28:12
148 verbose fetch to= /home/alfx61/tmp/npm-21885-oE_f7P_p/1387286892739-0.40837344038300216/tmp.tgz
149 http GET https://registry.npmjs.org/generator-webapp/-/generator-webapp-0.4.6.tgz
150 http 200 https://registry.npmjs.org/generator-webapp/-/generator-webapp-0.4.6.tgz
151 verbose tar unpack /home/alfx61/tmp/npm-21885-oE_f7P_p/1387286892739-0.40837344038300216/tmp.tgz
152 silly lockFile 8e09e250-2739-0-40837344038300216-package tar:///home/alfx61/tmp/npm-21885-oE_f7P_p/1387286892739-0.40837344038300216/package
153 verbose lock tar:///home/alfx61/tmp/npm-21885-oE_f7P_p/1387286892739-0.40837344038300216/package /home/alfx61/.npm/8e09e250-2739-0-40837344038300216-package.lock
154 silly lockFile 6d561740-2739-0-40837344038300216-tmp-tgz tar:///home/alfx61/tmp/npm-21885-oE_f7P_p/1387286892739-0.40837344038300216/tmp.tgz
155 verbose lock tar:///home/alfx61/tmp/npm-21885-oE_f7P_p/1387286892739-0.40837344038300216/tmp.tgz /home/alfx61/.npm/6d561740-2739-0-40837344038300216-tmp-tgz.lock
156 silly gunzTarPerm modes [ '755', '644' ]
157 silly gunzTarPerm extractEntry package.json
158 silly gunzTarPerm extractEntry app/index.js
159 silly gunzTarPerm extractEntry app/USAGE
160 silly gunzTarPerm extractEntry app/templates/Gruntfile.js
161 silly gunzTarPerm extractEntry app/templates/gitattributes
162 silly gunzTarPerm extractEntry app/templates/_bower.json
163 silly gunzTarPerm extractEntry app/templates/_package.json
164 silly gunzTarPerm extractEntry app/templates/bowerrc
165 silly gunzTarPerm extractEntry app/templates/editorconfig
166 silly gunzTarPerm extractEntry app/templates/favicon.ico
167 silly gunzTarPerm extractEntry app/templates/404.html
168 silly gunzTarPerm extractEntry app/templates/gitignore
169 silly gunzTarPerm extractEntry app/templates/htaccess
170 silly gunzTarPerm extractEntry app/templates/index.html
171 silly gunzTarPerm extractEntry app/templates/jshintrc
172 silly gunzTarPerm extractEntry app/templates/main.css
173 silly gunzTarPerm extractEntry app/templates/main.scss
174 silly gunzTarPerm extractEntry app/templates/robots.txt
175 silly gunzTarPerm extractEntry changelog.md
176 silly gunzTarPerm extractEntry libpeerconnection.log
177 silly gunzTarPerm extractEntry readme.md
178 silly lockFile 8e09e250-2739-0-40837344038300216-package tar:///home/alfx61/tmp/npm-21885-oE_f7P_p/1387286892739-0.40837344038300216/package
179 silly lockFile 8e09e250-2739-0-40837344038300216-package tar:///home/alfx61/tmp/npm-21885-oE_f7P_p/1387286892739-0.40837344038300216/package
180 silly lockFile 6d561740-2739-0-40837344038300216-tmp-tgz tar:///home/alfx61/tmp/npm-21885-oE_f7P_p/1387286892739-0.40837344038300216/tmp.tgz
181 silly lockFile 6d561740-2739-0-40837344038300216-tmp-tgz tar:///home/alfx61/tmp/npm-21885-oE_f7P_p/1387286892739-0.40837344038300216/tmp.tgz
182 verbose tar pack [ '/home/alfx61/.npm/generator-webapp/0.4.6/package.tgz',
182 verbose tar pack   '/home/alfx61/tmp/npm-21885-oE_f7P_p/1387286892739-0.40837344038300216/package' ]
183 verbose tarball /home/alfx61/.npm/generator-webapp/0.4.6/package.tgz
184 verbose folder /home/alfx61/tmp/npm-21885-oE_f7P_p/1387286892739-0.40837344038300216/package
185 silly lockFile 8e09e250-2739-0-40837344038300216-package tar:///home/alfx61/tmp/npm-21885-oE_f7P_p/1387286892739-0.40837344038300216/package
186 verbose lock tar:///home/alfx61/tmp/npm-21885-oE_f7P_p/1387286892739-0.40837344038300216/package /home/alfx61/.npm/8e09e250-2739-0-40837344038300216-package.lock
187 silly lockFile 8165c7dd-nerator-webapp-0-4-6-package-tgz tar:///home/alfx61/.npm/generator-webapp/0.4.6/package.tgz
188 verbose lock tar:///home/alfx61/.npm/generator-webapp/0.4.6/package.tgz /home/alfx61/.npm/8165c7dd-nerator-webapp-0-4-6-package-tgz.lock
189 silly lockFile 8e09e250-2739-0-40837344038300216-package tar:///home/alfx61/tmp/npm-21885-oE_f7P_p/1387286892739-0.40837344038300216/package
190 silly lockFile 8e09e250-2739-0-40837344038300216-package tar:///home/alfx61/tmp/npm-21885-oE_f7P_p/1387286892739-0.40837344038300216/package
191 silly lockFile 8165c7dd-nerator-webapp-0-4-6-package-tgz tar:///home/alfx61/.npm/generator-webapp/0.4.6/package.tgz
192 silly lockFile 8165c7dd-nerator-webapp-0-4-6-package-tgz tar:///home/alfx61/.npm/generator-webapp/0.4.6/package.tgz
193 silly lockFile 32b6a572-m-generator-webapp-0-4-6-package /home/alfx61/.npm/generator-webapp/0.4.6/package
194 verbose lock /home/alfx61/.npm/generator-webapp/0.4.6/package /home/alfx61/.npm/32b6a572-m-generator-webapp-0-4-6-package.lock
195 silly lockFile 32b6a572-m-generator-webapp-0-4-6-package /home/alfx61/.npm/generator-webapp/0.4.6/package
196 silly lockFile 32b6a572-m-generator-webapp-0-4-6-package /home/alfx61/.npm/generator-webapp/0.4.6/package
197 verbose tar unpack /home/alfx61/.npm/generator-webapp/0.4.6/package.tgz
198 silly lockFile 124f7099-m-generator-webapp-0-4-6-package tar:///home/alfx61/.npm/generator-webapp/0.4.6/package
199 verbose lock tar:///home/alfx61/.npm/generator-webapp/0.4.6/package /home/alfx61/.npm/124f7099-m-generator-webapp-0-4-6-package.lock
200 silly lockFile 8165c7dd-nerator-webapp-0-4-6-package-tgz tar:///home/alfx61/.npm/generator-webapp/0.4.6/package.tgz
201 verbose lock tar:///home/alfx61/.npm/generator-webapp/0.4.6/package.tgz /home/alfx61/.npm/8165c7dd-nerator-webapp-0-4-6-package-tgz.lock
202 silly gunzTarPerm modes [ '755', '644' ]
203 silly gunzTarPerm extractEntry package.json
204 silly gunzTarPerm extractEntry app/index.js
205 silly gunzTarPerm extractEntry app/USAGE
206 silly gunzTarPerm extractEntry app/templates/Gruntfile.js
207 silly gunzTarPerm extractEntry app/templates/gitattributes
208 silly gunzTarPerm extractEntry app/templates/_bower.json
209 silly gunzTarPerm extractEntry app/templates/_package.json
210 silly gunzTarPerm extractEntry app/templates/bowerrc
211 silly gunzTarPerm extractEntry app/templates/editorconfig
212 silly gunzTarPerm extractEntry app/templates/favicon.ico
213 silly gunzTarPerm extractEntry app/templates/404.html
214 silly gunzTarPerm extractEntry app/templates/gitignore
215 silly gunzTarPerm extractEntry app/templates/htaccess
216 silly gunzTarPerm extractEntry app/templates/index.html
217 silly gunzTarPerm extractEntry app/templates/jshintrc
218 silly gunzTarPerm extractEntry app/templates/main.css
219 silly gunzTarPerm extractEntry app/templates/main.scss
220 silly gunzTarPerm extractEntry app/templates/robots.txt
221 silly gunzTarPerm extractEntry changelog.md
222 silly gunzTarPerm extractEntry libpeerconnection.log
223 silly gunzTarPerm extractEntry readme.md
224 silly lockFile 124f7099-m-generator-webapp-0-4-6-package tar:///home/alfx61/.npm/generator-webapp/0.4.6/package
225 silly lockFile 124f7099-m-generator-webapp-0-4-6-package tar:///home/alfx61/.npm/generator-webapp/0.4.6/package
226 silly lockFile 8165c7dd-nerator-webapp-0-4-6-package-tgz tar:///home/alfx61/.npm/generator-webapp/0.4.6/package.tgz
227 silly lockFile 8165c7dd-nerator-webapp-0-4-6-package-tgz tar:///home/alfx61/.npm/generator-webapp/0.4.6/package.tgz
228 verbose chmod /home/alfx61/.npm/generator-webapp/0.4.6/package.tgz 644
229 verbose chown /home/alfx61/.npm/generator-webapp/0.4.6/package.tgz [ 1000, 1000 ]
230 silly lockFile 8150bd22-ebapp-generator-webapp-0-4-6-tgz https://registry.npmjs.org/generator-webapp/-/generator-webapp-0.4.6.tgz
231 silly lockFile 8150bd22-ebapp-generator-webapp-0-4-6-tgz https://registry.npmjs.org/generator-webapp/-/generator-webapp-0.4.6.tgz
232 silly lockFile bafc5f22-generator-webapp-0-4-6 generator-webapp@0.4.6
233 silly lockFile bafc5f22-generator-webapp-0-4-6 generator-webapp@0.4.6
234 silly resolved [ { name: 'generator-webapp',
234 silly resolved     version: '0.4.6',
234 silly resolved     description: 'Scaffold out a front-end web app',
234 silly resolved     keywords:
234 silly resolved      [ 'yeoman-generator',
234 silly resolved        'web',
234 silly resolved        'app',
234 silly resolved        'front-end',
234 silly resolved        'h5bp',
234 silly resolved        'modernizr' ],
234 silly resolved     homepage: 'https://github.com/yeoman/generator-webapp',
234 silly resolved     bugs: { url: 'https://github.com/yeoman/generator-webapp/issues' },
234 silly resolved     author: { name: 'Chrome Developer Relations' },
234 silly resolved     main: 'app/index.js',
234 silly resolved     repository:
234 silly resolved      { type: 'git',
234 silly resolved        url: 'git://github.com/yeoman/generator-webapp.git' },
234 silly resolved     scripts: { test: 'mocha --reporter spec' },
234 silly resolved     dependencies: { 'yeoman-generator': '~0.14.0', cheerio: '~0.12.1' },
234 silly resolved     peerDependencies: { yo: '>=1.0.0-rc.1.1', 'generator-mocha': '~0.1.1' },
234 silly resolved     devDependencies: { mocha: '~1.12.0' },
234 silly resolved     engines: { node: '>=0.8.0', npm: '>=1.2.10' },
234 silly resolved     licenses: [ [Object] ],
234 silly resolved     readme: '# Web app generator [![Build Status](https://secure.travis-ci.org/yeoman/generator-webapp.png?branch=master)](http://travis-ci.org/yeoman/generator-webapp) [![Built with Grunt](https://cdn.gruntjs.com/builtwith.png)](http://gruntjs.com/)\n\nYeoman generator that scaffolds out a front-end web app.\n\n## Features\n\n* CSS Autoprefixing (new)\n* Built-in preview server with LiveReload\n* Automagically compile CoffeeScript & Compass\n* Automagically lint your scripts\n* Automagically wire up your Bower components with [bower-install](https://github.com/stephenplusplus/grunt-bower-install).\n* Awesome Image Optimization (via OptiPNG, pngquant, jpegtran and gifsicle)\n* Mocha Unit Testing with PhantomJS\n* Optional - Twitter Bootstrap for SASS\n* Optional - Leaner Modernizr builds (new)\n\nFor more information on what `generator-webapp` can do for you, take a look at the [Grunt tasks](https://github.com/yeoman/generator-webapp/blob/master/app/templates/_package.json) used in our `package.json`.\n\n## Getting Started\n\n- Install: `npm install -g generator-webapp`\n- Run: `yo webapp`\n- Run `grunt` for building and `grunt serve` for preview\n\nNote: `grunt server` was previously used for previewing in earlier versions of the project and is being deprecated in favor of `grunt serve`.\n\n## Options\n\n* `--skip-install`\n\n  Skips the automatic execution of `bower` and `npm` after scaffolding has finished.\n\n* `--test-framework=<framework>`\n\n  Defaults to `mocha`. Can be switched for another supported testing framework like `jasmine`.\n\n* `--coffee`\n\n  Add support for [CoffeeScript](http://coffeescript.org/).\n\n## Contribute\n\nSee the [contributing docs](https://github.com/yeoman/yeoman/blob/master/contributing.md)\n\nNote: We are regularly asked whether we can add or take away features. If a change is good enough to have a positive impact on all users, we are happy to consider it.\n\nIf not, `generator-webapp` is fork-friendly and you can always maintain a custom version which you `npm install && npm link` to continue using via `yo webapp` or a name of your choosing.\n\n\n## License\n\n[BSD license](http://opensource.org/licenses/bsd-license.php)\n',
234 silly resolved     readmeFilename: 'readme.md',
234 silly resolved     _id: 'generator-webapp@0.4.6',
234 silly resolved     dist: { shasum: '486266e91acadab9aed0c8262bca16c1c4b7cd50' },
234 silly resolved     _from: 'generator-webapp@0.4.6',
234 silly resolved     _resolved: 'https://registry.npmjs.org/generator-webapp/-/generator-webapp-0.4.6.tgz' } ]
235 info install generator-webapp@0.4.6 into /usr/lib
236 info installOne generator-webapp@0.4.6
237 info /usr/lib/node_modules/generator-webapp unbuild
238 info preuninstall generator-webapp@0.4.5
239 info uninstall generator-webapp@0.4.5
240 verbose true,/usr/lib/node_modules,/usr/lib/node_modules unbuild generator-webapp@0.4.5
241 info postuninstall generator-webapp@0.4.5
242 info /usr/lib/node_modules/generator-webapp unbuild
243 info preuninstall generator-webapp@0.4.5
244 info uninstall generator-webapp@0.4.5
245 verbose true,/usr/lib/node_modules,/usr/lib/node_modules unbuild generator-webapp@0.4.5
246 info postuninstall generator-webapp@0.4.5
247 error error rolling back Error: EACCES, unlink '/usr/lib/node_modules/generator-webapp'
247 error error rolling back  generator-webapp@0.4.6 { [Error: EACCES, unlink '/usr/lib/node_modules/generator-webapp']
247 error error rolling back   errno: 3,
247 error error rolling back   code: 'EACCES',
247 error error rolling back   path: '/usr/lib/node_modules/generator-webapp' }
248 error Error: EACCES, unlink '/usr/lib/node_modules/generator-webapp'
248 error  { [Error: EACCES, unlink '/usr/lib/node_modules/generator-webapp']
248 error   errno: 3,
248 error   code: 'EACCES',
248 error   path: '/usr/lib/node_modules/generator-webapp' }
249 error Please try running this command again as root/Administrator.
250 error System Linux 3.2.0-55-generic
251 error command "/usr/bin/node" "/usr/bin/npm" "update" "-g" "generator-webapp"
252 error cwd /home/alfx61/画像/Maniki2/Mansiki2014
253 error node -v v0.10.23
254 error npm -v 1.3.17
255 error path /usr/lib/node_modules/generator-webapp
256 error code EACCES
257 error errno 3
258 error stack Error: EACCES, unlink '/usr/lib/node_modules/generator-webapp'
259 verbose exit [ 3, true ]
